<?xml version="1.0" encoding="UTF-8"?>
<!-- Generated by org.testng.reporters.JUnitXMLReporter -->
<testsuite hostname="LAPTOP-15QQQVVK" ignored="0" name="Default test" tests="5" failures="0" timestamp="2020-12-10T18:48:39 CET" time="75.805" errors="0">
  <testcase name="editRecipeTestAdmin" time="10.134" classname="webler.szakdolgozat.honeyAndSalt.UseCaseTest"/>
  <testcase name="favouriteTest" time="10.24" classname="webler.szakdolgozat.honeyAndSalt.UseCaseTest"/>
  <testcase name="registrationTest" time="8.491" classname="webler.szakdolgozat.honeyAndSalt.UseCaseTest"/>
  <testcase name="searchTest" time="11.361" classname="webler.szakdolgozat.honeyAndSalt.UseCaseTest"/>
  <testcase name="tryEveryNavigationElement" time="9.008" classname="webler.szakdolgozat.honeyAndSalt.UseCaseTest"/>
</testsuite> <!-- Default test -->
