<?xml version="1.0" encoding="UTF-8"?>
<testng-results skipped="0" failed="0" ignored="0" total="1" passed="1">
  <reporter-output>
  </reporter-output>
  <suite name="Default suite" duration-ms="6628" started-at="2020-11-19T19:19:32 CET" finished-at="2020-11-19T19:19:38 CET">
    <groups>
    </groups>
    <test name="Default test" duration-ms="6628" started-at="2020-11-19T19:19:32 CET" finished-at="2020-11-19T19:19:38 CET">
      <class name="webler.szakdolgozat.honeyAndSalt.LoginTest">
        <test-method status="PASS" signature="setUp()[pri:0, instance:webler.szakdolgozat.honeyAndSalt.LoginTest@68567e20]" name="setUp" is-config="true" duration-ms="6023" started-at="2020-11-19T19:19:32 CET" finished-at="2020-11-19T19:19:38 CET">
          <reporter-output>
          </reporter-output>
        </test-method> <!-- setUp -->
        <test-method status="PASS" signature="userLoginTest()[pri:0, instance:webler.szakdolgozat.honeyAndSalt.LoginTest@68567e20]" name="userLoginTest" duration-ms="564" started-at="2020-11-19T19:19:38 CET" finished-at="2020-11-19T19:19:38 CET">
          <reporter-output>
          </reporter-output>
        </test-method> <!-- userLoginTest -->
      </class> <!-- webler.szakdolgozat.honeyAndSalt.LoginTest -->
    </test> <!-- Default test -->
  </suite> <!-- Default suite -->
</testng-results>
